02/25/2025 12:04:50 INICIANDO...
02/25/2025 12:04:50 2.11.0.1
02/25/2025 12:04:50 Usuário: Marlon(Administrador)
02/25/2025 12:04:50 Versão do Sistema Operacional: 6.2.9200
02/25/2025 12:04:50 64 Bits: true
02/25/2025 12:04:50 Versão do Firefox.  ( 0.7 )
02/25/2025 12:04:50 UAC: Ativado
02/25/2025 12:04:50 Verificando se Firefox está instalado...
02/25/2025 12:04:50 Firefox não instalado.
02/25/2025 12:04:50 [Verificando Ambiente] Verificando...
02/25/2025 12:04:50 [Verificando Ambiente] Ativando Transport Layer Security (TLS)
02/25/2025 12:04:50 [Verificando Ambiente] Ok.
02/25/2025 12:04:50 [Arquivo hosts] Verificando...
02/25/2025 12:04:50 [Arquivo hosts] Ok.
02/25/2025 12:04:50 [Instalação de certificados raiz] Verificando...
02/25/2025 12:04:50 [Instalação de certificados raiz] Efetuando download do instalador...
02/25/2025 12:04:53 [Instalação de certificados raiz] Instalando...
02/25/2025 12:04:53 [Instalação de certificados raiz] Ok.
02/25/2025 12:04:53 [Terminal Services] Verificando...
02/25/2025 12:04:53 [Terminal Services] Ok.
02/25/2025 12:04:53 [Limpeza do cache IE] Verificando...
02/25/2025 12:04:54 [Limpeza do cache IE] Limpando...
02/25/2025 12:04:54 [Limpeza do cache IE] Ok.
02/25/2025 12:04:54 [Instalando Módulo de Segurança] Verificando...
02/25/2025 12:04:54 [Instalando Módulo de Segurança] Efetuando download do instalador...
02/25/2025 12:04:59 [Instalando Módulo de Segurança] Instalando...
02/25/2025 12:05:15 [Instalando Módulo de Segurança] Ok.
02/25/2025 12:05:15 [Configurações do Módulo de Segurança] Verificando...
02/25/2025 12:05:15 [Configurações do Módulo de Segurança] Ok.
02/25/2025 12:05:15 [Instalando configurações da CAIXA] Verificando...
02/25/2025 12:05:27 [Instalando configurações da CAIXA] Ok.
02/25/2025 12:05:27 [Ajustando ambiente] Verificando...
02/25/2025 12:05:27 [Ajustando ambiente] Ok.
02/25/2025 12:05:27 [Atualizando listas] Verificando...
02/25/2025 12:05:27 [Atualizando listas] Ok.
02/25/2025 12:05:27 [Concluindo execucao] Verificando...
02/25/2025 12:05:33 [Concluindo execucao] CONCLUÍDO.
02/25/2025 12:05:33 CONCLUÍDO.
